<?xml version="1.0" encoding="UTF-8" ?>
<testsuite tests="27" failures="1" name="com.project.testCases.GroupBasedTest" time="211.956" errors="0" skipped="22">
  <properties>
    <property name="java.runtime.name" value="Java(TM) SE Runtime Environment"/>
    <property name="sun.boot.library.path" value="C:\Program Files\Java\jre1.8.0_171\bin"/>
    <property name="java.vm.version" value="25.171-b11"/>
    <property name="java.vm.vendor" value="Oracle Corporation"/>
    <property name="maven.multiModuleProjectDirectory" value="F:\Eclipse_Workspace\CTS_Project_BugBusters_Team8"/>
    <property name="java.vendor.url" value="http://java.oracle.com/"/>
    <property name="path.separator" value=";"/>
    <property name="guice.disable.misplaced.annotation.check" value="true"/>
    <property name="java.vm.name" value="Java HotSpot(TM) 64-Bit Server VM"/>
    <property name="file.encoding.pkg" value="sun.io"/>
    <property name="user.script" value=""/>
    <property name="user.country" value="IN"/>
    <property name="sun.java.launcher" value="SUN_STANDARD"/>
    <property name="sun.os.patch.level" value=""/>
    <property name="java.vm.specification.name" value="Java Virtual Machine Specification"/>
    <property name="user.dir" value="F:\Eclipse_Workspace\CTS_Project_BugBusters_Team8"/>
    <property name="java.runtime.version" value="1.8.0_171-b11"/>
    <property name="java.awt.graphicsenv" value="sun.awt.Win32GraphicsEnvironment"/>
    <property name="java.endorsed.dirs" value="C:\Program Files\Java\jre1.8.0_171\lib\endorsed"/>
    <property name="os.arch" value="amd64"/>
    <property name="java.io.tmpdir" value="C:\Users\USER1\AppData\Local\Temp\"/>
    <property name="line.separator" value="
"/>
    <property name="java.vm.specification.vendor" value="Oracle Corporation"/>
    <property name="user.variant" value=""/>
    <property name="os.name" value="Windows 8.1"/>
    <property name="classworlds.conf" value="F:\Eclipse_Workspace\.metadata\.plugins\org.eclipse.m2e.launching\launches\m2conf2254379113916699389.tmp"/>
    <property name="sun.jnu.encoding" value="Cp1252"/>
    <property name="java.library.path" value="C:\Program Files\Java\jre1.8.0_171\bin;C:\Windows\Sun\Java\bin;C:\Windows\system32;C:\Windows;C:/Program Files/Java/jre1.8.0_171/bin/server;C:/Program Files/Java/jre1.8.0_171/bin;C:/Program Files/Java/jre1.8.0_171/lib/amd64;C:\Program Files (x86)\Common Files\Oracle\Java\javapath;C:\Program Files (x86)\Intel\iCLS Client\;C:\Program Files\Intel\iCLS Client\;C:\Program Files (x86)\NVIDIA Corporation\PhysX\Common;C:\Windows\system32;C:\Windows;C:\Windows\System32\Wbem;C:\Windows\System32\WindowsPowerShell\v1.0\;C:\Program Files\Hewlett-Packard\SimplePass\;C:\Program Files\Intel\Intel(R) Management Engine Components\DAL;C:\Program Files (x86)\Intel\Intel(R) Management Engine Components\DAL;C:\Program Files\Intel\Intel(R) Management Engine Components\IPT;C:\Program Files (x86)\Intel\Intel(R) Management Engine Components\IPT;C:\Program Files\Java\jdk1.8.0_171\bin;G:\eclipse-jee-mars-2-win32-x86_64\eclipse-jee-mars-2-win32-x86_64\eclipse;;."/>
    <property name="java.specification.name" value="Java Platform API Specification"/>
    <property name="java.class.version" value="52.0"/>
    <property name="sun.management.compiler" value="HotSpot 64-Bit Tiered Compilers"/>
    <property name="os.version" value="6.3"/>
    <property name="user.home" value="C:\Users\USER1"/>
    <property name="user.timezone" value="Asia/Calcutta"/>
    <property name="java.awt.printerjob" value="sun.awt.windows.WPrinterJob"/>
    <property name="java.specification.version" value="1.8"/>
    <property name="file.encoding" value="Cp1252"/>
    <property name="user.name" value="USER1"/>
    <property name="java.class.path" value="/G:/eclipse-jee-mars-2-win32-x86_64/eclipse-jee-mars-2-win32-x86_64/eclipse/plugins/org.eclipse.m2e.maven.runtime_1.6.2.20150902-0001/jars/plexus-classworlds-2.5.2.jar"/>
    <property name="java.vm.specification.version" value="1.8"/>
    <property name="sun.arch.data.model" value="64"/>
    <property name="java.home" value="C:\Program Files\Java\jre1.8.0_171"/>
    <property name="sun.java.command" value="org.codehaus.plexus.classworlds.launcher.Launcher -B test"/>
    <property name="java.specification.vendor" value="Oracle Corporation"/>
    <property name="user.language" value="en"/>
    <property name="awt.toolkit" value="sun.awt.windows.WToolkit"/>
    <property name="java.vm.info" value="mixed mode"/>
    <property name="java.version" value="1.8.0_171"/>
    <property name="java.ext.dirs" value="C:\Program Files\Java\jre1.8.0_171\lib\ext;C:\Windows\Sun\Java\lib\ext"/>
    <property name="sun.boot.class.path" value="C:\Program Files\Java\jre1.8.0_171\lib\resources.jar;C:\Program Files\Java\jre1.8.0_171\lib\rt.jar;C:\Program Files\Java\jre1.8.0_171\lib\sunrsasign.jar;C:\Program Files\Java\jre1.8.0_171\lib\jsse.jar;C:\Program Files\Java\jre1.8.0_171\lib\jce.jar;C:\Program Files\Java\jre1.8.0_171\lib\charsets.jar;C:\Program Files\Java\jre1.8.0_171\lib\jfr.jar;C:\Program Files\Java\jre1.8.0_171\classes"/>
    <property name="java.vendor" value="Oracle Corporation"/>
    <property name="maven.home" value="F:\Eclipse_Workspace\CTS_Project_BugBusters_Team8\EMBEDDED"/>
    <property name="file.separator" value="\"/>
    <property name="java.vendor.url.bug" value="http://bugreport.sun.com/bugreport/"/>
    <property name="sun.cpu.endian" value="little"/>
    <property name="sun.io.unicode.encoding" value="UnicodeLittle"/>
    <property name="sun.desktop" value="windows"/>
    <property name="sun.cpu.isalist" value="amd64"/>
  </properties>
  <testcase classname="com.project.testCases.GroupBasedTest" name="openURL" time="5.92"/>
  <testcase classname="com.project.testCases.GroupBasedTest" name="loginSite" time="11.819"/>
  <testcase classname="com.project.testCases.GroupBasedTest" name="checkGiftCard" time="9.411"/>
  <testcase classname="com.project.testCases.GroupBasedTest" name="giftPageOperation" time="7.56"/>
  <testcase classname="com.project.testCases.GroupBasedTest" name="updateTestCaseStatusAndTakeScreenshot" time="7.698">
    <failure type="java.lang.NullPointerException">java.lang.NullPointerException
	at com.project.utilities.WriteExcelSheet.writeFile(WriteExcelSheet.java:30)
	at com.project.testCases.GroupBasedTest.updateTestCaseStatusAndTakeScreenshot(GroupBasedTest.java:130)
</failure>
  </testcase>
  <testcase classname="com.project.testCases.GroupBasedTest" name="updateTestCaseStatusAndTakeScreenshotRegressionTest" time="7.698">
    <skipped/>
  </testcase>
  <testcase classname="com.project.testCases.GroupBasedTest" name="searchProduct" time="7.699">
    <skipped/>
  </testcase>
  <testcase classname="com.project.testCases.GroupBasedTest" name="updateTestCaseStatusAndTakeScreenshot" time="7.699">
    <skipped/>
  </testcase>
  <testcase classname="com.project.testCases.GroupBasedTest" name="updateTestCaseStatusAndTakeScreenshotRegressionTest" time="7.699">
    <skipped/>
  </testcase>
  <testcase classname="com.project.testCases.GroupBasedTest" name="advanceSearch" time="7.699">
    <skipped/>
  </testcase>
  <testcase classname="com.project.testCases.GroupBasedTest" name="selectCategory" time="7.699">
    <skipped/>
  </testcase>
  <testcase classname="com.project.testCases.GroupBasedTest" name="updateTestCaseStatusAndTakeScreenshot" time="7.699">
    <skipped/>
  </testcase>
  <testcase classname="com.project.testCases.GroupBasedTest" name="updateTestCaseStatusAndTakeScreenshotRegressionTest" time="7.699">
    <skipped/>
  </testcase>
  <testcase classname="com.project.testCases.GroupBasedTest" name="selectStorage" time="7.699">
    <skipped/>
  </testcase>
  <testcase classname="com.project.testCases.GroupBasedTest" name="updateTestCaseStatusAndTakeScreenshot" time="7.699">
    <skipped/>
  </testcase>
  <testcase classname="com.project.testCases.GroupBasedTest" name="updateTestCaseStatusAndTakeScreenshotRegressionTest" time="7.699">
    <skipped/>
  </testcase>
  <testcase classname="com.project.testCases.GroupBasedTest" name="selectExcludeOutOfStock" time="7.702">
    <skipped/>
  </testcase>
  <testcase classname="com.project.testCases.GroupBasedTest" name="updateTestCaseStatusAndTakeScreenshot" time="7.703">
    <skipped/>
  </testcase>
  <testcase classname="com.project.testCases.GroupBasedTest" name="updateTestCaseStatusAndTakeScreenshotRegressionTest" time="7.703">
    <skipped/>
  </testcase>
  <testcase classname="com.project.testCases.GroupBasedTest" name="selectSortBy" time="7.706">
    <skipped/>
  </testcase>
  <testcase classname="com.project.testCases.GroupBasedTest" name="updateTestCaseStatusAndTakeScreenshot" time="7.71">
    <skipped/>
  </testcase>
  <testcase classname="com.project.testCases.GroupBasedTest" name="updateTestCaseStatusAndTakeScreenshotRegressionTest" time="7.71">
    <skipped/>
  </testcase>
  <testcase classname="com.project.testCases.GroupBasedTest" name="logOutSite" time="7.724">
    <skipped/>
  </testcase>
  <testcase classname="com.project.testCases.GroupBasedTest" name="updateTestCaseStatusAndTakeScreenshot" time="7.725">
    <skipped/>
  </testcase>
  <testcase classname="com.project.testCases.GroupBasedTest" name="updateTestCaseStatusAndTakeScreenshotRegressionTest" time="7.725">
    <skipped/>
  </testcase>
  <testcase classname="com.project.testCases.GroupBasedTest" name="displayCollectionAndFlushReport" time="7.726">
    <skipped/>
  </testcase>
  <testcase classname="com.project.testCases.GroupBasedTest" name="flushReport" time="7.726">
    <skipped/>
  </testcase>
</testsuite>