<?xml version="1.0" encoding="UTF-8"?>
<!-- Generated by org.testng.reporters.JUnitReportReporter -->
<testsuite skipped="0" hostname="AISHWARYA" name="com.project.testCases.RegressionTestCases" tests="9" failures="0" timestamp="09 Jun 2020 06:33:39 GMT" time="89.071" errors="0">
  <testcase name="openURL" time="6.761" classname="com.project.testCases.RegressionTestCases"/>
  <testcase name="loginSite" time="15.936" classname="com.project.testCases.RegressionTestCases"/>
  <testcase name="checkGiftCard" time="9.053" classname="com.project.testCases.RegressionTestCases"/>
  <testcase name="searchProduct" time="5.438" classname="com.project.testCases.RegressionTestCases"/>
  <testcase name="selectCategory" time="8.782" classname="com.project.testCases.RegressionTestCases"/>
  <testcase name="selectStorage" time="13.651" classname="com.project.testCases.RegressionTestCases"/>
  <testcase name="selectExcludeOutOfStock" time="13.164" classname="com.project.testCases.RegressionTestCases"/>
  <testcase name="selectSortBy" time="13.345" classname="com.project.testCases.RegressionTestCases"/>
  <testcase name="logOutSite" time="2.941" classname="com.project.testCases.RegressionTestCases"/>
</testsuite> <!-- com.project.testCases.RegressionTestCases -->
