<?xml version="1.0" encoding="UTF-8"?>
<!-- Generated by org.testng.reporters.JUnitReportReporter -->
<testsuite skipped="0" hostname="AISHWARYA" name="com.project.testCases.SmokeTestCases" tests="6" failures="0" timestamp="09 Jun 2020 06:26:50 GMT" time="102.206" errors="0">
  <testcase name="openURL" time="11.072" classname="com.project.testCases.SmokeTestCases"/>
  <testcase name="loginSite" time="16.338" classname="com.project.testCases.SmokeTestCases"/>
  <testcase name="giftPageOperation" time="38.308" classname="com.project.testCases.SmokeTestCases"/>
  <testcase name="searchProduct" time="17.651" classname="com.project.testCases.SmokeTestCases"/>
  <testcase name="advanceSearch" time="15.743" classname="com.project.testCases.SmokeTestCases"/>
  <testcase name="logOutSite" time="3.094" classname="com.project.testCases.SmokeTestCases"/>
</testsuite> <!-- com.project.testCases.SmokeTestCases -->
