<?xml version="1.0" encoding="UTF-8"?>
<!-- Generated by org.testng.reporters.JUnitReportReporter -->
<testsuite skipped="0" hostname="AISHWARYA" name="com.project.testCases.GroupBasedTest" tests="15" failures="0" timestamp="09 Jun 2020 06:37:30 GMT" time="153.080" errors="0">
  <testcase name="openURL" time="6.748" classname="com.project.testCases.GroupBasedTest"/>
  <testcase name="openURL" time="7.383" classname="com.project.testCases.GroupBasedTest"/>
  <testcase name="loginSite" time="25.429" classname="com.project.testCases.GroupBasedTest"/>
  <testcase name="loginSite" time="13.851" classname="com.project.testCases.GroupBasedTest"/>
  <testcase name="checkGiftCard" time="8.078" classname="com.project.testCases.GroupBasedTest"/>
  <testcase name="giftPageOperation" time="13.590" classname="com.project.testCases.GroupBasedTest"/>
  <testcase name="searchProduct" time="4.936" classname="com.project.testCases.GroupBasedTest"/>
  <testcase name="searchProduct" time="4.772" classname="com.project.testCases.GroupBasedTest"/>
  <testcase name="advanceSearch" time="15.599" classname="com.project.testCases.GroupBasedTest"/>
  <testcase name="selectCategory" time="8.518" classname="com.project.testCases.GroupBasedTest"/>
  <testcase name="selectStorage" time="12.576" classname="com.project.testCases.GroupBasedTest"/>
  <testcase name="selectExcludeOutOfStock" time="13.265" classname="com.project.testCases.GroupBasedTest"/>
  <testcase name="selectSortBy" time="13.243" classname="com.project.testCases.GroupBasedTest"/>
  <testcase name="logOutSite" time="2.595" classname="com.project.testCases.GroupBasedTest"/>
  <testcase name="logOutSite" time="2.497" classname="com.project.testCases.GroupBasedTest"/>
</testsuite> <!-- com.project.testCases.GroupBasedTest -->
