<?xml version="1.0" encoding="UTF-8"?>
<!-- Generated by org.testng.reporters.JUnitReportReporter -->
<testsuite skipped="0" hostname="AISHWARYA" name="com.project.testCases.SmokeTestCases" tests="6" failures="0" timestamp="09 Jun 2020 06:48:40 GMT" time="55.605" errors="0">
  <testcase name="openURL" time="9.667" classname="com.project.testCases.SmokeTestCases"/>
  <testcase name="loginSite" time="14.682" classname="com.project.testCases.SmokeTestCases"/>
  <testcase name="giftPageOperation" time="7.940" classname="com.project.testCases.SmokeTestCases"/>
  <testcase name="searchProduct" time="4.890" classname="com.project.testCases.SmokeTestCases"/>
  <testcase name="advanceSearch" time="15.071" classname="com.project.testCases.SmokeTestCases"/>
  <testcase name="logOutSite" time="3.355" classname="com.project.testCases.SmokeTestCases"/>
</testsuite> <!-- com.project.testCases.SmokeTestCases -->
