<?xml version="1.0" encoding="UTF-8"?>
<!-- Generated by org.testng.reporters.JUnitReportReporter -->
<testsuite skipped="0" hostname="AISHWARYA" name="com.project.testCases.GroupBasedTest" tests="15" failures="0" timestamp="09 Jun 2020 06:48:40 GMT" time="134.959" errors="0">
  <testcase name="openURL" time="6.074" classname="com.project.testCases.GroupBasedTest"/>
  <testcase name="openURL" time="5.441" classname="com.project.testCases.GroupBasedTest"/>
  <testcase name="loginSite" time="15.557" classname="com.project.testCases.GroupBasedTest"/>
  <testcase name="loginSite" time="15.311" classname="com.project.testCases.GroupBasedTest"/>
  <testcase name="giftPageOperation" time="7.986" classname="com.project.testCases.GroupBasedTest"/>
  <testcase name="checkGiftCard" time="8.999" classname="com.project.testCases.GroupBasedTest"/>
  <testcase name="searchProduct" time="4.451" classname="com.project.testCases.GroupBasedTest"/>
  <testcase name="searchProduct" time="4.651" classname="com.project.testCases.GroupBasedTest"/>
  <testcase name="selectCategory" time="8.571" classname="com.project.testCases.GroupBasedTest"/>
  <testcase name="advanceSearch" time="15.266" classname="com.project.testCases.GroupBasedTest"/>
  <testcase name="selectStorage" time="12.807" classname="com.project.testCases.GroupBasedTest"/>
  <testcase name="selectExcludeOutOfStock" time="12.649" classname="com.project.testCases.GroupBasedTest"/>
  <testcase name="selectSortBy" time="12.089" classname="com.project.testCases.GroupBasedTest"/>
  <testcase name="logOutSite" time="2.287" classname="com.project.testCases.GroupBasedTest"/>
  <testcase name="logOutSite" time="2.820" classname="com.project.testCases.GroupBasedTest"/>
</testsuite> <!-- com.project.testCases.GroupBasedTest -->
