<?xml version="1.0" encoding="UTF-8"?>
<!-- Generated by org.testng.reporters.JUnitReportReporter -->
<testsuite skipped="0" hostname="AISHWARYA" name="com.project.testCases.RegressionTestCases" tests="9" failures="0" timestamp="09 Jun 2020 06:48:40 GMT" time="88.106" errors="0">
  <testcase name="openURL" time="6.479" classname="com.project.testCases.RegressionTestCases"/>
  <testcase name="loginSite" time="15.591" classname="com.project.testCases.RegressionTestCases"/>
  <testcase name="checkGiftCard" time="9.603" classname="com.project.testCases.RegressionTestCases"/>
  <testcase name="searchProduct" time="7.394" classname="com.project.testCases.RegressionTestCases"/>
  <testcase name="selectCategory" time="8.535" classname="com.project.testCases.RegressionTestCases"/>
  <testcase name="selectStorage" time="12.047" classname="com.project.testCases.RegressionTestCases"/>
  <testcase name="selectExcludeOutOfStock" time="11.969" classname="com.project.testCases.RegressionTestCases"/>
  <testcase name="selectSortBy" time="13.979" classname="com.project.testCases.RegressionTestCases"/>
  <testcase name="logOutSite" time="2.509" classname="com.project.testCases.RegressionTestCases"/>
</testsuite> <!-- com.project.testCases.RegressionTestCases -->
